[0.094s] DEBUG:colcon:Command line arguments: ['/usr/bin/colcon', 'build']
[0.094s] DEBUG:colcon:Parsed command line arguments: Namespace(log_base=None, log_level=None, verb_name='build', build_base='build', install_base='install', merge_install=False, symlink_install=False, test_result_base=None, continue_on_error=False, executor='parallel', parallel_workers=16, event_handlers=None, ignore_user_meta=False, metas=['./colcon.meta'], base_paths=['.'], packages_ignore=None, packages_ignore_regex=None, paths=None, packages_up_to=None, packages_up_to_regex=None, packages_above=None, packages_above_and_dependencies=None, packages_above_depth=None, packages_select_by_dep=None, packages_skip_by_dep=None, packages_skip_up_to=None, packages_select_build_failed=False, packages_skip_build_finished=False, packages_select_test_failures=False, packages_skip_test_passed=False, packages_select=None, packages_skip=None, packages_select_regex=None, packages_skip_regex=None, packages_start=None, packages_end=None, cmake_args=None, cmake_target=None, cmake_target_skip_unavailable=False, cmake_clean_cache=False, cmake_clean_first=False, cmake_force_configure=False, ament_cmake_args=None, catkin_cmake_args=None, catkin_skip_building_tests=False, mixin_files=None, mixin=None, verb_parser=<colcon_mixin.mixin.mixin_argument.MixinArgumentDecorator object at 0x7f74e89a0e80>, verb_extension=<colcon_core.verb.build.BuildVerb object at 0x7f74e8b21510>, main=<bound method BuildVerb.main of <colcon_core.verb.build.BuildVerb object at 0x7f74e8b21510>>, mixin_verb=('build',))
[0.234s] Level 1:colcon.colcon_core.package_discovery:discover_packages(colcon_meta) check parameters
[0.234s] Level 1:colcon.colcon_core.package_discovery:discover_packages(recursive) check parameters
[0.234s] Level 1:colcon.colcon_core.package_discovery:discover_packages(ignore) check parameters
[0.234s] Level 1:colcon.colcon_core.package_discovery:discover_packages(path) check parameters
[0.234s] Level 1:colcon.colcon_core.package_discovery:discover_packages(colcon_meta) discover
[0.234s] Level 1:colcon.colcon_core.package_discovery:discover_packages(recursive) discover
[0.234s] INFO:colcon.colcon_core.package_discovery:Crawling recursively for packages in '/HOST_HOME/Projects/sensmore/pc_reader'
[0.234s] Level 1:colcon.colcon_core.package_identification:_identify(.) by extensions ['ignore', 'ignore_ament_install']
[0.234s] Level 1:colcon.colcon_core.package_identification:_identify(.) by extension 'ignore'
[0.234s] Level 1:colcon.colcon_core.package_identification:_identify(.) by extension 'ignore_ament_install'
[0.234s] Level 1:colcon.colcon_core.package_identification:_identify(.) by extensions ['colcon_pkg']
[0.234s] Level 1:colcon.colcon_core.package_identification:_identify(.) by extension 'colcon_pkg'
[0.234s] Level 1:colcon.colcon_core.package_identification:_identify(.) by extensions ['colcon_meta']
[0.234s] Level 1:colcon.colcon_core.package_identification:_identify(.) by extension 'colcon_meta'
[0.234s] Level 1:colcon.colcon_core.package_identification:_identify(.) by extensions ['ros']
[0.234s] Level 1:colcon.colcon_core.package_identification:_identify(.) by extension 'ros'
[0.243s] Level 1:colcon.colcon_core.package_identification:_identify(.) by extensions ['cmake', 'python']
[0.243s] Level 1:colcon.colcon_core.package_identification:_identify(.) by extension 'cmake'
[0.243s] Level 1:colcon.colcon_core.package_identification:_identify(.) by extension 'python'
[0.244s] Level 1:colcon.colcon_core.package_identification:_identify(.) by extensions ['python_setup_py']
[0.244s] Level 1:colcon.colcon_core.package_identification:_identify(.) by extension 'python_setup_py'
[0.244s] Level 1:colcon.colcon_core.package_identification:_identify(build) by extensions ['ignore', 'ignore_ament_install']
[0.244s] Level 1:colcon.colcon_core.package_identification:_identify(build) by extension 'ignore'
[0.244s] Level 1:colcon.colcon_core.package_identification:_identify(build) ignored
[0.244s] Level 1:colcon.colcon_core.package_identification:_identify(install) by extensions ['ignore', 'ignore_ament_install']
[0.244s] Level 1:colcon.colcon_core.package_identification:_identify(install) by extension 'ignore'
[0.244s] Level 1:colcon.colcon_core.package_identification:_identify(install) ignored
[0.244s] Level 1:colcon.colcon_core.package_identification:_identify(log) by extensions ['ignore', 'ignore_ament_install']
[0.244s] Level 1:colcon.colcon_core.package_identification:_identify(log) by extension 'ignore'
[0.244s] Level 1:colcon.colcon_core.package_identification:_identify(log) ignored
[0.244s] Level 1:colcon.colcon_core.package_identification:_identify(src) by extensions ['ignore', 'ignore_ament_install']
[0.244s] Level 1:colcon.colcon_core.package_identification:_identify(src) by extension 'ignore'
[0.244s] Level 1:colcon.colcon_core.package_identification:_identify(src) by extension 'ignore_ament_install'
[0.244s] Level 1:colcon.colcon_core.package_identification:_identify(src) by extensions ['colcon_pkg']
[0.244s] Level 1:colcon.colcon_core.package_identification:_identify(src) by extension 'colcon_pkg'
[0.244s] Level 1:colcon.colcon_core.package_identification:_identify(src) by extensions ['colcon_meta']
[0.244s] Level 1:colcon.colcon_core.package_identification:_identify(src) by extension 'colcon_meta'
[0.245s] Level 1:colcon.colcon_core.package_identification:_identify(src) by extensions ['ros']
[0.245s] Level 1:colcon.colcon_core.package_identification:_identify(src) by extension 'ros'
[0.245s] Level 1:colcon.colcon_core.package_identification:_identify(src) by extensions ['cmake', 'python']
[0.245s] Level 1:colcon.colcon_core.package_identification:_identify(src) by extension 'cmake'
[0.245s] Level 1:colcon.colcon_core.package_identification:_identify(src) by extension 'python'
[0.245s] Level 1:colcon.colcon_core.package_identification:_identify(src) by extensions ['python_setup_py']
[0.245s] Level 1:colcon.colcon_core.package_identification:_identify(src) by extension 'python_setup_py'
[0.245s] Level 1:colcon.colcon_core.package_identification:_identify(src/pointcloud_reader_cpp) by extensions ['ignore', 'ignore_ament_install']
[0.245s] Level 1:colcon.colcon_core.package_identification:_identify(src/pointcloud_reader_cpp) by extension 'ignore'
[0.245s] Level 1:colcon.colcon_core.package_identification:_identify(src/pointcloud_reader_cpp) by extension 'ignore_ament_install'
[0.245s] Level 1:colcon.colcon_core.package_identification:_identify(src/pointcloud_reader_cpp) by extensions ['colcon_pkg']
[0.245s] Level 1:colcon.colcon_core.package_identification:_identify(src/pointcloud_reader_cpp) by extension 'colcon_pkg'
[0.245s] Level 1:colcon.colcon_core.package_identification:_identify(src/pointcloud_reader_cpp) by extensions ['colcon_meta']
[0.245s] Level 1:colcon.colcon_core.package_identification:_identify(src/pointcloud_reader_cpp) by extension 'colcon_meta'
[0.245s] Level 1:colcon.colcon_core.package_identification:_identify(src/pointcloud_reader_cpp) by extensions ['ros']
[0.245s] Level 1:colcon.colcon_core.package_identification:_identify(src/pointcloud_reader_cpp) by extension 'ros'
[0.247s] DEBUG:colcon.colcon_core.package_identification:Package 'src/pointcloud_reader_cpp' with type 'ros.ament_cmake' and name 'pointcloud_reader_cpp'
[0.247s] Level 1:colcon.colcon_core.package_discovery:discover_packages(recursive) using defaults
[0.247s] Level 1:colcon.colcon_core.package_discovery:discover_packages(ignore) discover
[0.248s] Level 1:colcon.colcon_core.package_discovery:discover_packages(ignore) using defaults
[0.248s] Level 1:colcon.colcon_core.package_discovery:discover_packages(path) discover
[0.248s] Level 1:colcon.colcon_core.package_discovery:discover_packages(path) using defaults
[0.264s] Level 5:colcon.colcon_core.verb:set package 'pointcloud_reader_cpp' build argument 'cmake_args' from command line to 'None'
[0.264s] Level 5:colcon.colcon_core.verb:set package 'pointcloud_reader_cpp' build argument 'cmake_target' from command line to 'None'
[0.264s] Level 5:colcon.colcon_core.verb:set package 'pointcloud_reader_cpp' build argument 'cmake_target_skip_unavailable' from command line to 'False'
[0.264s] Level 5:colcon.colcon_core.verb:set package 'pointcloud_reader_cpp' build argument 'cmake_clean_cache' from command line to 'False'
[0.264s] Level 5:colcon.colcon_core.verb:set package 'pointcloud_reader_cpp' build argument 'cmake_clean_first' from command line to 'False'
[0.264s] Level 5:colcon.colcon_core.verb:set package 'pointcloud_reader_cpp' build argument 'cmake_force_configure' from command line to 'False'
[0.264s] Level 5:colcon.colcon_core.verb:set package 'pointcloud_reader_cpp' build argument 'ament_cmake_args' from command line to 'None'
[0.264s] Level 5:colcon.colcon_core.verb:set package 'pointcloud_reader_cpp' build argument 'catkin_cmake_args' from command line to 'None'
[0.264s] Level 5:colcon.colcon_core.verb:set package 'pointcloud_reader_cpp' build argument 'catkin_skip_building_tests' from command line to 'False'
[0.264s] DEBUG:colcon.colcon_core.verb:Building package 'pointcloud_reader_cpp' with the following arguments: {'ament_cmake_args': None, 'build_base': '/HOST_HOME/Projects/sensmore/pc_reader/build/pointcloud_reader_cpp', 'catkin_cmake_args': None, 'catkin_skip_building_tests': False, 'cmake_args': None, 'cmake_clean_cache': False, 'cmake_clean_first': False, 'cmake_force_configure': False, 'cmake_target': None, 'cmake_target_skip_unavailable': False, 'install_base': '/HOST_HOME/Projects/sensmore/pc_reader/install/pointcloud_reader_cpp', 'merge_install': False, 'path': '/HOST_HOME/Projects/sensmore/pc_reader/src/pointcloud_reader_cpp', 'symlink_install': False, 'test_result_base': None}
[0.264s] INFO:colcon.colcon_core.executor:Executing jobs using 'parallel' executor
[0.265s] DEBUG:colcon.colcon_parallel_executor.executor.parallel:run_until_complete
[0.265s] INFO:colcon.colcon_ros.task.ament_cmake.build:Building ROS package in '/HOST_HOME/Projects/sensmore/pc_reader/src/pointcloud_reader_cpp' with build type 'ament_cmake'
[0.265s] INFO:colcon.colcon_cmake.task.cmake.build:Building CMake package in '/HOST_HOME/Projects/sensmore/pc_reader/src/pointcloud_reader_cpp'
[0.267s] INFO:colcon.colcon_core.plugin_system:Skipping extension 'colcon_core.shell.bat': Not used on non-Windows systems
[0.267s] INFO:colcon.colcon_core.shell:Skip shell extension 'powershell' for command environment: Not usable outside of PowerShell
[0.267s] DEBUG:colcon.colcon_core.shell:Skip shell extension 'dsv' for command environment
[0.273s] DEBUG:colcon.colcon_core.event_handler.log_command:Invoking command in '/HOST_HOME/Projects/sensmore/pc_reader/build/pointcloud_reader_cpp': CMAKE_PREFIX_PATH=/opt/ros/humble /usr/bin/cmake /HOST_HOME/Projects/sensmore/pc_reader/src/pointcloud_reader_cpp -DCMAKE_INSTALL_PREFIX=/HOST_HOME/Projects/sensmore/pc_reader/install/pointcloud_reader_cpp
[2.988s] DEBUG:colcon.colcon_core.event_handler.log_command:Invoked command in '/HOST_HOME/Projects/sensmore/pc_reader/build/pointcloud_reader_cpp' returned '1': CMAKE_PREFIX_PATH=/opt/ros/humble /usr/bin/cmake /HOST_HOME/Projects/sensmore/pc_reader/src/pointcloud_reader_cpp -DCMAKE_INSTALL_PREFIX=/HOST_HOME/Projects/sensmore/pc_reader/install/pointcloud_reader_cpp
[3.000s] Level 1:colcon.colcon_core.environment:create_environment_scripts_only(pointcloud_reader_cpp)
[3.002s] Level 1:colcon.colcon_core.environment:checking '/HOST_HOME/Projects/sensmore/pc_reader/install/pointcloud_reader_cpp' for CMake module files
[3.003s] Level 1:colcon.colcon_core.environment:checking '/HOST_HOME/Projects/sensmore/pc_reader/install/pointcloud_reader_cpp' for CMake config files
[3.003s] Level 1:colcon.colcon_core.environment:checking '/HOST_HOME/Projects/sensmore/pc_reader/install/pointcloud_reader_cpp/bin'
[3.003s] Level 1:colcon.colcon_core.environment:checking '/HOST_HOME/Projects/sensmore/pc_reader/install/pointcloud_reader_cpp/lib/pkgconfig/pointcloud_reader_cpp.pc'
[3.005s] Level 1:colcon.colcon_core.environment:checking '/HOST_HOME/Projects/sensmore/pc_reader/install/pointcloud_reader_cpp/lib/python3.10/site-packages'
[3.005s] Level 1:colcon.colcon_core.environment:checking '/HOST_HOME/Projects/sensmore/pc_reader/install/pointcloud_reader_cpp/bin'
[3.005s] INFO:colcon.colcon_core.shell:Creating package script '/HOST_HOME/Projects/sensmore/pc_reader/install/pointcloud_reader_cpp/share/pointcloud_reader_cpp/package.ps1'
[3.006s] INFO:colcon.colcon_core.shell:Creating package descriptor '/HOST_HOME/Projects/sensmore/pc_reader/install/pointcloud_reader_cpp/share/pointcloud_reader_cpp/package.dsv'
[3.007s] INFO:colcon.colcon_core.shell:Creating package script '/HOST_HOME/Projects/sensmore/pc_reader/install/pointcloud_reader_cpp/share/pointcloud_reader_cpp/package.sh'
[3.007s] INFO:colcon.colcon_core.shell:Creating package script '/HOST_HOME/Projects/sensmore/pc_reader/install/pointcloud_reader_cpp/share/pointcloud_reader_cpp/package.bash'
[3.008s] INFO:colcon.colcon_core.shell:Creating package script '/HOST_HOME/Projects/sensmore/pc_reader/install/pointcloud_reader_cpp/share/pointcloud_reader_cpp/package.zsh'
[3.008s] Level 1:colcon.colcon_core.environment:create_file_with_runtime_dependencies(/HOST_HOME/Projects/sensmore/pc_reader/install/pointcloud_reader_cpp/share/colcon-core/packages/pointcloud_reader_cpp)
[3.020s] DEBUG:colcon.colcon_parallel_executor.executor.parallel:closing loop
[3.020s] DEBUG:colcon.colcon_parallel_executor.executor.parallel:loop closed
[3.020s] DEBUG:colcon.colcon_parallel_executor.executor.parallel:run_until_complete finished with '1'
[3.020s] DEBUG:colcon.colcon_core.event_reactor:joining thread
[3.031s] INFO:colcon.colcon_core.plugin_system:Skipping extension 'colcon_notification.desktop_notification.notify_send': Could not find 'notify-send'
[3.032s] INFO:colcon.colcon_core.plugin_system:Skipping extension 'colcon_notification.desktop_notification.terminal_notifier': Not used on non-Darwin systems
[3.032s] INFO:colcon.colcon_core.plugin_system:Skipping extension 'colcon_notification.desktop_notification.win32': Not used on non-Windows systems
[3.032s] INFO:colcon.colcon_notification.desktop_notification:Sending desktop notification using 'notify2'
[3.034s] DEBUG:colcon.colcon_notification.desktop_notification.notify2:Failed to initialize notify2: org.freedesktop.DBus.Error.Spawn.ExecFailed: /usr/bin/dbus-launch terminated abnormally without any error message
[3.034s] DEBUG:colcon.colcon_core.event_reactor:joined thread
[3.034s] INFO:colcon.colcon_core.shell:Creating prefix script '/HOST_HOME/Projects/sensmore/pc_reader/install/local_setup.ps1'
[3.036s] INFO:colcon.colcon_core.shell:Creating prefix util module '/HOST_HOME/Projects/sensmore/pc_reader/install/_local_setup_util_ps1.py'
[3.037s] INFO:colcon.colcon_core.shell:Creating prefix chain script '/HOST_HOME/Projects/sensmore/pc_reader/install/setup.ps1'
[3.038s] INFO:colcon.colcon_core.shell:Creating prefix script '/HOST_HOME/Projects/sensmore/pc_reader/install/local_setup.sh'
[3.039s] INFO:colcon.colcon_core.shell:Creating prefix util module '/HOST_HOME/Projects/sensmore/pc_reader/install/_local_setup_util_sh.py'
[3.039s] INFO:colcon.colcon_core.shell:Creating prefix chain script '/HOST_HOME/Projects/sensmore/pc_reader/install/setup.sh'
[3.040s] INFO:colcon.colcon_core.shell:Creating prefix script '/HOST_HOME/Projects/sensmore/pc_reader/install/local_setup.bash'
[3.041s] INFO:colcon.colcon_core.shell:Creating prefix chain script '/HOST_HOME/Projects/sensmore/pc_reader/install/setup.bash'
[3.042s] INFO:colcon.colcon_core.shell:Creating prefix script '/HOST_HOME/Projects/sensmore/pc_reader/install/local_setup.zsh'
[3.042s] INFO:colcon.colcon_core.shell:Creating prefix chain script '/HOST_HOME/Projects/sensmore/pc_reader/install/setup.zsh'
