[0.010s] Invoking command in '/HOST_HOME/Projects/sensmore/pc_reader/build/pointcloud_reader_cpp': CMAKE_PREFIX_PATH=${CMAKE_PREFIX_PATH}:/opt/ros/humble /usr/bin/cmake --build /HOST_HOME/Projects/sensmore/pc_reader/build/pointcloud_reader_cpp -- -j16 -l16
[0.038s] -- Found ament_cmake: 1.3.10 (/opt/ros/humble/share/ament_cmake/cmake)
[0.149s] -- Found rclcpp: 16.0.10 (/opt/ros/humble/share/rclcpp/cmake)
[0.174s] -- Found rosidl_generator_c: 3.1.5 (/opt/ros/humble/share/rosidl_generator_c/cmake)
[0.175s] -- Found rosidl_adapter: 3.1.5 (/opt/ros/humble/share/rosidl_adapter/cmake)
[0.180s] -- Found rosidl_generator_cpp: 3.1.5 (/opt/ros/humble/share/rosidl_generator_cpp/cmake)
[0.187s] -- Using all available rosidl_typesupport_c: rosidl_typesupport_fastrtps_c;rosidl_typesupport_introspection_c
[0.196s] -- Using all available rosidl_typesupport_cpp: rosidl_typesupport_fastrtps_cpp;rosidl_typesupport_introspection_cpp
[0.222s] -- Found rmw_implementation_cmake: 6.1.2 (/opt/ros/humble/share/rmw_implementation_cmake/cmake)
[0.223s] -- Found rmw_fastrtps_cpp: 6.2.7 (/opt/ros/humble/share/rmw_fastrtps_cpp/cmake)
[0.319s] -- Using RMW implementation 'rmw_fastrtps_cpp' as default
[0.357s] -- Found sensor_msgs: 4.2.4 (/opt/ros/humble/share/sensor_msgs/cmake)
[0.378s] -- Found pcl_conversions: 2.4.5 (/opt/ros/humble/share/pcl_conversions/cmake)
[0.404s] -- Eigen found (include: /usr/include/eigen3, version: 3.4.0)
[0.428s] -- FLANN found (include: /usr/include, lib: /usr/lib/x86_64-linux-gnu/libflann_cpp.so)
[0.698s] -- OpenNI found (version: 1.5.4.0, include: /usr/include/ni, lib: /usr/lib/libOpenNI.so;libusb::libusb)
[0.703s] -- OpenNI2 found (version: 2.2.0.33, include: /usr/include/openni2, lib: /usr/lib/x86_64-linux-gnu/libOpenNI2.so;libusb::libusb)
[0.827s] -- Eigen found (include: /usr/include/eigen3, version: 3.4.0)
[0.832s] -- OpenNI found (version: 1.5.4.0, include: /usr/include/ni, lib: /usr/lib/libOpenNI.so;libusb::libusb)
[0.838s] -- OpenNI2 found (version: 2.2.0.33, include: /usr/include/openni2, lib: /usr/lib/x86_64-linux-gnu/libOpenNI2.so;libusb::libusb)
[0.954s] -- Found Qhull version 8.0.2
[1.072s] -- OpenNI found (version: 1.5.4.0, include: /usr/include/ni, lib: /usr/lib/libOpenNI.so;libusb::libusb)
[1.193s] -- Found pcl_ros: 2.4.5 (/opt/ros/humble/share/pcl_ros/cmake)
[1.204s] -- Found eigen3_cmake_module: 0.1.1 (/opt/ros/humble/share/eigen3_cmake_module/cmake)
[1.205s] -- Ensuring Eigen3 include directory is part of orocos-kdl CMake target
[1.266s] [33mCMake Warning (dev) at CMakeLists.txt:15 (find_package):
[1.266s]   Policy CMP0074 is not set: find_package uses <PackageName>_ROOT variables.
[1.266s]   Run "cmake --help-policy CMP0074" for policy details.  Use the cmake_policy
[1.266s]   command to set the policy and suppress this warning.
[1.266s] 
[1.266s]   CMake variable PCL_ROOT is set to:
[1.266s] 
[1.266s]     /usr
[1.266s] 
[1.267s]   For compatibility, CMake is ignoring the variable.
[1.267s] This warning is for project developers.  Use -Wno-dev to suppress it.
[1.267s] [0m
[1.285s] [31mCMake Error at CMakeLists.txt:17 (find_package):
[1.285s]   By not providing "Findroscpp.cmake" in CMAKE_MODULE_PATH this project has
[1.285s]   asked CMake to find a package configuration file provided by "roscpp", but
[1.285s]   CMake did not find one.
[1.285s] 
[1.285s]   Could not find a package configuration file provided by "roscpp" with any
[1.285s]   of the following names:
[1.285s] 
[1.285s]     roscppConfig.cmake
[1.286s]     roscpp-config.cmake
[1.286s] 
[1.286s]   Add the installation prefix of "roscpp" to CMAKE_PREFIX_PATH or set
[1.286s]   "roscpp_DIR" to a directory containing one of the above files.  If "roscpp"
[1.286s]   provides a separate development package or SDK, be sure it has been
[1.286s]   installed.
[1.286s] 
[1.286s] [0m
[1.286s] -- Configuring incomplete, errors occurred!
[1.286s] See also "/HOST_HOME/Projects/sensmore/pc_reader/build/pointcloud_reader_cpp/CMakeFiles/CMakeOutput.log".
[1.296s] gmake: *** [Makefile:267: cmake_check_build_system] Error 1
[1.298s] Invoked command in '/HOST_HOME/Projects/sensmore/pc_reader/build/pointcloud_reader_cpp' returned '2': CMAKE_PREFIX_PATH=${CMAKE_PREFIX_PATH}:/opt/ros/humble /usr/bin/cmake --build /HOST_HOME/Projects/sensmore/pc_reader/build/pointcloud_reader_cpp -- -j16 -l16
